This is pdfTeX, Version 3.1415926-2.5-1.40.14 (MiKTeX 2.9) (preloaded format=pdflatex 2014.8.14)  14 OCT 2015 18:14
entering extended mode
**document.tex
(C:\Users\Moran\git\thesis-paper\paper\document.tex
LaTeX2e <2014/05/01>
Babel <3.9k> and hyphenation patterns for 68 languages loaded.
("C:\Program Files (x86)\MiKTeX 2.9\tex\latex\elsarticle\elsarticle.cls"
Document Class: elsarticle 2009/09/17, 1.2.0: Elsevier Ltd
\@bls=\dimen102
("C:\Program Files (x86)\MiKTeX 2.9\tex\latex\base\article.cls"
Document Class: article 2007/10/19 v1.4h Standard LaTeX document class
("C:\Program Files (x86)\MiKTeX 2.9\tex\latex\base\size12.clo"
File: size12.clo 2007/10/19 v1.4h Standard LaTeX file (size option)
)
\c@part=\count79
\c@section=\count80
\c@subsection=\count81
\c@subsubsection=\count82
\c@paragraph=\count83
\c@subparagraph=\count84
\c@figure=\count85
\c@table=\count86
\abovecaptionskip=\skip41
\belowcaptionskip=\skip42
\bibindent=\dimen103
)
("C:\Program Files (x86)\MiKTeX 2.9\tex\latex\graphics\graphicx.sty"
Package: graphicx 2014/04/25 v1.0g Enhanced LaTeX Graphics (DPC,SPQR)

("C:\Program Files (x86)\MiKTeX 2.9\tex\latex\graphics\keyval.sty"
Package: keyval 2014/05/08 v1.15 key=value parser (DPC)
\KV@toks@=\toks14
)
("C:\Program Files (x86)\MiKTeX 2.9\tex\latex\graphics\graphics.sty"
Package: graphics 2009/02/05 v1.0o Standard LaTeX Graphics (DPC,SPQR)

("C:\Program Files (x86)\MiKTeX 2.9\tex\latex\graphics\trig.sty"
Package: trig 1999/03/16 v1.09 sin cos tan (DPC)
)
("C:\Program Files (x86)\MiKTeX 2.9\tex\latex\00miktex\graphics.cfg"
File: graphics.cfg 2007/01/18 v1.5 graphics configuration of teTeX/TeXLive
)
Package graphics Info: Driver file: pdftex.def on input line 91.

("C:\Program Files (x86)\MiKTeX 2.9\tex\latex\pdftex-def\pdftex.def"
File: pdftex.def 2011/05/27 v0.06d Graphics/color for pdfTeX

("C:\Program Files (x86)\MiKTeX 2.9\tex\generic\oberdiek\infwarerr.sty"
Package: infwarerr 2010/04/08 v1.3 Providing info/warning/error messages (HO)
)
("C:\Program Files (x86)\MiKTeX 2.9\tex\generic\oberdiek\ltxcmds.sty"
Package: ltxcmds 2011/11/09 v1.22 LaTeX kernel commands for general use (HO)
)
\Gread@gobject=\count87
))
\Gin@req@height=\dimen104
\Gin@req@width=\dimen105
)
("C:\Program Files (x86)\MiKTeX 2.9\tex\latex\psnfss\pifont.sty"
Package: pifont 2005/04/12 PSNFSS-v9.2a Pi font support (SPQR) 
LaTeX Font Info:    Try loading font information for U+pzd on input line 63.

("C:\Program Files (x86)\MiKTeX 2.9\tex\latex\psnfss\upzd.fd"
File: upzd.fd 2001/06/04 font definitions for U/pzd.
)
LaTeX Font Info:    Try loading font information for U+psy on input line 64.

("C:\Program Files (x86)\MiKTeX 2.9\tex\latex\psnfss\upsy.fd"
File: upsy.fd 2001/06/04 font definitions for U/psy.
))
\c@tnote=\count88
\c@fnote=\count89
\c@cnote=\count90
\c@ead=\count91
\c@author=\count92
\@eadauthor=\toks15
\c@affn=\count93
\absbox=\box26
\keybox=\box27
\Columnwidth=\dimen106
\space@left=\dimen107
\els@boxa=\box28
\els@boxb=\box29
\leftMargin=\dimen108
\@enLab=\toks16
\@sep=\skip43
\@@sep=\skip44

(C:\Users\Moran\git\thesis-paper\paper\document.spl)
("C:\Program Files (x86)\MiKTeX 2.9\tex\latex\natbib\natbib.sty"
Package: natbib 2010/09/13 8.31b (PWD, AO)
\bibhang=\skip45
\bibsep=\skip46
LaTeX Info: Redefining \cite on input line 694.
\c@NAT@ctr=\count94
)
\splwrite=\write3
)
("C:\Program Files (x86)\MiKTeX 2.9\tex\latex\float\float.sty"
Package: float 2001/11/08 v1.3d Float enhancements (AL)
\c@float@type=\count95
\float@exts=\toks17
\float@box=\box30
\@float@everytoks=\toks18
\@floatcapt=\box31
)
("C:\Program Files (x86)\MiKTeX 2.9\tex\latex\rotating\rotating.sty"
Package: rotating 2009/03/28 v2.16a rotated objects in LaTeX

("C:\Program Files (x86)\MiKTeX 2.9\tex\latex\base\ifthen.sty"
Package: ifthen 2001/05/26 v1.1c Standard LaTeX ifthen package (DPC)
)
\c@r@tfl@t=\count96
\rotFPtop=\skip47
\rotFPbot=\skip48
\rot@float@box=\box32
\rot@mess@toks=\toks19
)
("C:\Program Files (x86)\MiKTeX 2.9\tex\latex\sttools\stfloats.sty"
Package: stfloats 2012/05/29 v1.1 Improve float mechanism and baselineskip sett
ings
\@dblbotnum=\count97
\c@dblbotnumber=\count98
)
("C:\Program Files (x86)\MiKTeX 2.9\tex\latex\lineno\lineno.sty"
Package: lineno 2005/11/02 line numbers on paragraphs v4.41
\linenopenalty=\count99
\output=\toks20
\linenoprevgraf=\count100
\linenumbersep=\dimen109
\linenumberwidth=\dimen110
\c@linenumber=\count101
\c@pagewiselinenumber=\count102
\c@LN@truepage=\count103
\c@internallinenumber=\count104
\c@internallinenumbers=\count105
\quotelinenumbersep=\dimen111
\bframerule=\dimen112
\bframesep=\dimen113
\bframebox=\box33
LaTeX Info: Redefining \\ on input line 3056.
)
("C:\Program Files (x86)\MiKTeX 2.9\tex\latex\algorithm2e\algorithm2e.sty"
Package: algorithm2e 2013/01/06 v5.00 algorithms environments
\c@AlgoLine=\count106

("C:\Program Files (x86)\MiKTeX 2.9\tex\latex\tools\xspace.sty"
Package: xspace 2009/10/20 v1.13 Space after command names (DPC,MH)
)
("C:\Program Files (x86)\MiKTeX 2.9\tex\latex\ltxmisc\relsize.sty"
Package: relsize 2003/07/04 ver 3.1
)
********************************************************
Package `algorithm2e' Release 5.0 -- january 06 2013 --
- algorithm2e-announce@lirmm.fr mailing list for announcement about releases
- algorithm2e-discussion@lirmm.fr mailing list for discussion about package
subscribe by emailing sympa@lirmm.fr with 'subscribe <list> <firstname name>'
- Author: Christophe Fiorio (cfiorio@um2.fr)
********************************************************
\skiptotal=\skip49
\skiplinenumber=\skip50
\skiprule=\skip51
\skiphlne=\skip52
\skiptext=\skip53
\skiplength=\skip54
\algomargin=\skip55
\skipalgocfslide=\skip56
\algowidth=\dimen114
\inoutsize=\dimen115
\inoutindent=\dimen116
\interspacetitleruled=\dimen117
\interspacealgoruled=\dimen118
\interspacetitleboxruled=\dimen119
\algocf@inoutbox=\box34
\algocf@inputbox=\box35
\AlCapSkip=\skip57
\AlCapHSkip=\skip58
\algoskipindent=\skip59
\algocf@nlbox=\box36
\algocf@hangingbox=\box37
\algocf@untilbox=\box38
\algocf@skipuntil=\skip60
\algocf@capbox=\box39
\algoheightruledefault=\skip61
\algoheightrule=\skip62
\algotitleheightruledefault=\skip63
\algotitleheightrule=\skip64
\c@algocfline=\count107
\c@algocfproc=\count108
\c@algocf=\count109
\algocf@algoframe=\box40
\algocf@algobox=\box41
) ("C:\Program Files (x86)\MiKTeX 2.9\tex\latex\tabulary\tabulary.sty"
Package: tabulary 2014/06/11 v0.10 tabulary package (DPC)

("C:\Program Files (x86)\MiKTeX 2.9\tex\latex\tools\array.sty"
Package: array 2008/09/09 v2.4c Tabular extension package (FMi)
\col@sep=\dimen120
\extrarowheight=\dimen121
\NC@list=\toks21
\extratabsurround=\skip65
\backup@length=\skip66
)
\TY@count=\count110
\TY@linewidth=\dimen122
\tymin=\dimen123
\tymax=\dimen124
\TY@tablewidth=\dimen125
)
("C:\Program Files (x86)\MiKTeX 2.9\tex\latex\graphics\color.sty"
Package: color 2014/04/23 v1.1a Standard LaTeX Color (DPC)

("C:\Program Files (x86)\MiKTeX 2.9\tex\latex\00miktex\color.cfg"
File: color.cfg 2007/01/18 v1.5 color configuration of teTeX/TeXLive
)
Package color Info: Driver file: pdftex.def on input line 137.
)
("C:\Program Files (x86)\MiKTeX 2.9\tex\latex\hyphenat\hyphenat.sty"
Package: hyphenat 2009/09/02 v2.3c hyphenation utilities
\langwohyphens=\language69
LaTeX Info: Redefining \_ on input line 43.
)
("C:\Program Files (x86)\MiKTeX 2.9\tex\latex\xcolor\xcolor.sty"
Package: xcolor 2007/01/21 v2.11 LaTeX color extensions (UK)

("C:\Program Files (x86)\MiKTeX 2.9\tex\latex\00miktex\color.cfg"
File: color.cfg 2007/01/18 v1.5 color configuration of teTeX/TeXLive
)
Package xcolor Info: Driver file: pdftex.def on input line 225.

("C:\Program Files (x86)\MiKTeX 2.9\tex\latex\colortbl\colortbl.sty"
Package: colortbl 2012/02/13 v1.0a Color table columns (DPC)
\everycr=\toks22
\minrowclearance=\skip67
)
LaTeX Info: Redefining \color on input line 702.
\rownum=\count111
Package xcolor Info: Model `cmy' substituted by `cmy0' on input line 1337.
Package xcolor Info: Model `hsb' substituted by `rgb' on input line 1341.
Package xcolor Info: Model `RGB' extended on input line 1353.
Package xcolor Info: Model `HTML' substituted by `rgb' on input line 1355.
Package xcolor Info: Model `Hsb' substituted by `hsb' on input line 1356.
Package xcolor Info: Model `tHsb' substituted by `hsb' on input line 1357.
Package xcolor Info: Model `HSB' substituted by `hsb' on input line 1358.
Package xcolor Info: Model `Gray' substituted by `gray' on input line 1359.
Package xcolor Info: Model `wave' substituted by `hsb' on input line 1360.
)
(C:\Users\Moran\git\thesis-paper\paper\document.aux)
LaTeX Font Info:    Checking defaults for OML/cmm/m/it on input line 18.
LaTeX Font Info:    ... okay on input line 18.
LaTeX Font Info:    Checking defaults for T1/cmr/m/n on input line 18.
LaTeX Font Info:    ... okay on input line 18.
LaTeX Font Info:    Checking defaults for OT1/cmr/m/n on input line 18.
LaTeX Font Info:    ... okay on input line 18.
LaTeX Font Info:    Checking defaults for OMS/cmsy/m/n on input line 18.
LaTeX Font Info:    ... okay on input line 18.
LaTeX Font Info:    Checking defaults for OMX/cmex/m/n on input line 18.
LaTeX Font Info:    ... okay on input line 18.
LaTeX Font Info:    Checking defaults for U/cmr/m/n on input line 18.
LaTeX Font Info:    ... okay on input line 18.

("C:\Program Files (x86)\MiKTeX 2.9\tex\context\base\supp-pdf.mkii"
[Loading MPS to PDF converter (version 2006.09.02).]
\scratchcounter=\count112
\scratchdimen=\dimen126
\scratchbox=\box42
\nofMPsegments=\count113
\nofMParguments=\count114
\everyMPshowfont=\toks23
\MPscratchCnt=\count115
\MPscratchDim=\dimen127
\MPnumerator=\count116
\makeMPintoPDFobject=\count117
\everyMPtoPDFconversion=\toks24
)
LaTeX Font Info:    External font `cmex10' loaded for size
(Font)              <7> on input line 50.
LaTeX Font Info:    External font `cmex10' loaded for size
(Font)              <5> on input line 50.
LaTeX Font Info:    External font `cmex10' loaded for size
(Font)              <12> on input line 50.
LaTeX Font Info:    External font `cmex10' loaded for size
(Font)              <8> on input line 50.
LaTeX Font Info:    External font `cmex10' loaded for size
(Font)              <6> on input line 50.

Overfull \vbox (38.31102pt too high) has occurred while \output is active []


[1


{C:/ProgramData/MiKTeX/2.9/pdftex/config/pdftex.map}] [2]
<diagrams/protege_description_eunis.png, id=20, 1015.54407pt x 593.96906pt>
File: diagrams/protege_description_eunis.png Graphic file (type png)

<use diagrams/protege_description_eunis.png>
Package pdftex.def Info: diagrams/protege_description_eunis.png used on input l
ine 111.
(pdftex.def)             Requested size: 390.0pt x 228.10327pt.

<diagrams/pre_processing.png, id=22, 483.30562pt x 289.08pt>
File: diagrams/pre_processing.png Graphic file (type png)

<use diagrams/pre_processing.png>
Package pdftex.def Info: diagrams/pre_processing.png used on input line 133.
(pdftex.def)             Requested size: 390.0pt x 233.28014pt.

Underfull \hbox (badness 1342) in paragraph at lines 118--136
\OT1/cmr/m/n/12 The it-er-a-tive object-based im-age anal-y-sis is per-formed u
s-ing De-fiens
 []


Underfull \hbox (badness 10000) in paragraph at lines 118--136
\OT1/cmr/m/n/12 eCog-ni-tion Server and seg-ments the data us-ing thresh-olds a
nd
 []


Underfull \hbox (badness 1215) in paragraph at lines 118--136
\OT1/cmr/m/n/12 pro-cess uses in-for-ma-tion solely from aerial im-ages based o
n spec-tral
 []

[3] [4 <C:/Users/Moran/git/thesis-paper/paper/diagrams/protege_description_euni
s.png>]
Underfull \hbox (badness 4217) in paragraph at lines 142--144
[][]\OT1/cmr/m/n/12 Postgis join us-ing ST[]-WITHIN to se-lect seg-mented poly-
gons
 []


<diagrams/another_workflow_diagram_large.png, id=32, 484.05844pt x 540.51938pt>
File: diagrams/another_workflow_diagram_large.png Graphic file (type png)
<use diagrams/another_workflow_diagram_large.png>
Package pdftex.def Info: diagrams/another_workflow_diagram_large.png used on in
put line 148.
(pdftex.def)             Requested size: 390.0pt x 435.50896pt.
 [5 <C:/Users/Moran/git/thesis-paper/paper/diagrams/pre_processing.png>] [6 <C:
/Users/Moran/git/thesis-paper/paper/diagrams/another_workflow_diagram_large.png
>]
Underfull \hbox (badness 1057) in paragraph at lines 184--197
\OT1/cmr/m/n/12 to find the op-ti-mal com-bi-na-tion of en-vi-ron-men-tal in-di
ces and ob-ject
 []

[7] [8] [9] [10] (C:\Users\Moran\git\thesis-paper\paper\document.bbl
Missing character: There is no â in font cmr12!
Missing character: There is no € in font cmr12!
Missing character: There is no “ in font cmr12!

Underfull \hbox (badness 2875) in paragraph at lines 17--30
[][]\OT1/cmr/m/n/12 Gao, Y., Marpu, P., Niemeyer, I., Run-fola, D.M., Giner, N.
M.,
 []


Underfull \hbox (badness 6876) in paragraph at lines 17--30
\OT1/cmr/m/n/12 Hamill, T., Pon-tius, R.G., 2011.  Object-based clas-si-fi-ca-t
ion
 []


Underfull \hbox (badness 6675) in paragraph at lines 17--30
\OT1/cmr/m/n/12 with fea-tures ex-tracted by a semi-automatic fea-ture ex-trac-
tion
 []


Underfull \hbox (badness 10000) in paragraph at lines 17--30
\OT1/cmr/m/n/12 al-go-rithm  seath.  Geo-carto In-ter-na-tional 26, 211--226.
 []


Underfull \hbox (badness 10000) in paragraph at lines 17--30
\OT1/cmr/m/n/12 URL: \OT1/cmtt/m/n/12 http://dx.doi.org/10.1080/10106049.2011.5
56754\OT1/cmr/m/n/12 ,
 []


Overfull \hbox (130.75648pt too wide) in paragraph at lines 17--30
\OT1/cmr/m/n/12 doi:10.1080/10106049.2011.556754, \OT1/cmtt/m/n/12 arXiv:http:/
/dx.doi.org/10.1080/10106049.2011.556754. 
 []


Underfull \hbox (badness 10000) in paragraph at lines 31--38
[][]\OT1/cmtt/m/n/12 Janowicz, K., 2012.  Observation-driven geo-ontology
 []


Underfull \hbox (badness 10000) in paragraph at lines 31--38
\OT1/cmtt/m/n/12 engineering.  Transactions in GIS 16, 351--374.  URL:
 []


Underfull \hbox (badness 10000) in paragraph at lines 31--38
\OT1/cmtt/m/n/12 http://dx.doi.org/10.1111/j.1467-9671.2012.01342.x,
 []

Missing character: There is no â in font cmtt12!
Missing character: There is no € in font cmtt12!
Missing character: There is no “ in font cmtt12!

Underfull \hbox (badness 10000) in paragraph at lines 39--51
[][]\OT1/cmtt/m/n/12 Nussbaum, S., Niemeyer, I., Canty, M.J., 2006.  SEaTH - A
 []


Underfull \hbox (badness 10000) in paragraph at lines 39--51
\OT1/cmtt/m/n/12 new tool for automated feature extraction in the context of
 []


Underfull \hbox (badness 10000) in paragraph at lines 39--51
\OT1/cmtt/m/n/12 object-oriented image analysis, in: Proceedings of the 1st
 []


Underfull \hbox (badness 10000) in paragraph at lines 39--51
\OT1/cmtt/m/n/12 International Conference on Object-based Image Analysis (OBIA
 []


Underfull \hbox (badness 10000) in paragraph at lines 39--51
\OT1/cmtt/m/n/12 2006), Salzburg, 4-5 July 2006. - 2006. - (ISPRS ; XXXVI
 []


Underfull \hbox (badness 10000) in paragraph at lines 52--66
[][]\OT1/cmtt/m/n/12 Pedregosa, F., Varoquaux, G., Gramfort, A., Michel, V.,
 []


Underfull \hbox (badness 10000) in paragraph at lines 52--66
\OT1/cmtt/m/n/12 Thirion, B., Grisel, O., Blondel, M., Prettenhofer, P.,
 []


Underfull \hbox (badness 10000) in paragraph at lines 52--66
\OT1/cmtt/m/n/12 Weiss, R., Dubourg, V., Vanderplas, J., Passos, A.,
 []


Underfull \hbox (badness 10000) in paragraph at lines 52--66
\OT1/cmtt/m/n/12 Cournapeau, D., Brucher, M., Perrot, M., Duchesnay, E., 2011.
 []


Underfull \hbox (badness 10000) in paragraph at lines 67--80
[][]\OT1/cmtt/m/n/12 Tintrup gen. Suntrup, G., Jalke, T., Streib, L., Keck,
 []


Underfull \hbox (badness 10000) in paragraph at lines 67--80
\OT1/cmtt/m/n/12 N., Nieland, S., Moran, N., Kleinschmit, B., Trapp,
 []


Underfull \hbox (badness 10000) in paragraph at lines 67--80
\OT1/cmtt/m/n/12 M., 2015.  New methods in acquisition, update and
 []


Underfull \hbox (badness 10000) in paragraph at lines 67--80
\OT1/cmtt/m/n/12 dissemination of nature conservation geodata - implementation
 []


Underfull \hbox (badness 10000) in paragraph at lines 67--80
\OT1/cmtt/m/n/12 of an integrated framework.  ISPRS - International
 []


Underfull \hbox (badness 10000) in paragraph at lines 67--80
\OT1/cmtt/m/n/12 Archives of the Photogrammetry, Remote Sensing and
 []


Underfull \hbox (badness 10000) in paragraph at lines 67--80
\OT1/cmtt/m/n/12 Spatial Information Sciences XL-7/W3, 707--712.  URL:
 []


Overfull \hbox (121.92513pt too wide) in paragraph at lines 67--80
\OT1/cmtt/m/n/12 http://www.int-arch-photogramm-remote-sens-spatial-inf-sci.net
/XL-7-W3/707/2015/,
 []

[11]) [12] (C:\Users\Moran\git\thesis-paper\paper\document.aux) ) 
Here is how much of TeX's memory you used:
 4176 strings out of 493706
 55717 string characters out of 3142165
 147541 words of memory out of 3000000
 7450 multiletter control sequences out of 15000+200000
 9351 words of font info for 33 fonts, out of 3000000 for 9000
 1025 hyphenation exceptions out of 8191
 41i,7n,35p,329b,255s stack positions out of 5000i,500n,10000p,200000b,50000s
<C:/Program Fi
les (x86)/MiKTeX 2.9/fonts/type1/public/amsfonts/cm/cmbx12.pfb><C:/Program File
s (x86)/MiKTeX 2.9/fonts/type1/public/amsfonts/cm/cmmi12.pfb><C:/Program Files 
(x86)/MiKTeX 2.9/fonts/type1/public/amsfonts/cm/cmr10.pfb><C:/Program Files (x8
6)/MiKTeX 2.9/fonts/type1/public/amsfonts/cm/cmr12.pfb><C:/Program Files (x86)/
MiKTeX 2.9/fonts/type1/public/amsfonts/cm/cmr17.pfb><C:/Program Files (x86)/MiK
TeX 2.9/fonts/type1/public/amsfonts/cm/cmr8.pfb><C:/Program Files (x86)/MiKTeX 
2.9/fonts/type1/public/amsfonts/cm/cmss8.pfb><C:/Program Files (x86)/MiKTeX 2.9
/fonts/type1/public/amsfonts/cm/cmsy10.pfb><C:/Program Files (x86)/MiKTeX 2.9/f
onts/type1/public/amsfonts/cm/cmsy7.pfb><C:/Program Files (x86)/MiKTeX 2.9/font
s/type1/public/amsfonts/cm/cmsy8.pfb><C:/Program Files (x86)/MiKTeX 2.9/fonts/t
ype1/public/amsfonts/cm/cmti10.pfb><C:/Program Files (x86)/MiKTeX 2.9/fonts/typ
e1/public/amsfonts/cm/cmti12.pfb><C:/Program Files (x86)/MiKTeX 2.9/fonts/type1
/public/amsfonts/cm/cmti7.pfb><C:/Program Files (x86)/MiKTeX 2.9/fonts/type1/pu
blic/amsfonts/cm/cmtt10.pfb><C:/Program Files (x86)/MiKTeX 2.9/fonts/type1/publ
ic/amsfonts/cm/cmtt12.pfb>
Output written on document.pdf (12 pages, 311272 bytes).
PDF statistics:
 108 PDF objects out of 1000 (max. 8388607)
 0 named destinations out of 1000 (max. 500000)
 16 words of extra memory for PDF output out of 10000 (max. 10000000)

